<?xml version="1.0" encoding="UTF-8"?>
<!-- Generated by org.testng.reporters.JUnitReportReporter -->
<testsuite hostname="DESKTOP-E1DLS0F" failures="0" tests="4" name="mytestcases.Signup" time="51.269" errors="0" timestamp="2024-02-23T20:54:35 EET" skipped="1">
  <testcase classname="mytestcases.Signup" name="MyFirstTest" time="37.226"/>
  <system-out/>
  <testcase classname="mytestcases.Signup" name="logoutprocess" time="4.827"/>
  <system-out/>
  <testcase classname="mytestcases.Signup" name="loginprocess" time="9.216"/>
  <system-out/>
  <testcase classname="mytestcases.Signup" name="addOneRandomItem">
    <skipped/>
  </testcase> <!-- addOneRandomItem -->
  <system-out/>
</testsuite> <!-- mytestcases.Signup -->
